0 info it worked if it ends with ok
1 verbose cli [ '/usr/bin/nodejs',
1 verbose cli   '/usr/bin/npm',
1 verbose cli   'install',
1 verbose cli   '-g',
1 verbose cli   'node-inspector' ]
2 info using npm@2.14.12
3 info using node@v4.3.1
4 verbose install initial load of /usr/lib/package.json
5 verbose readDependencies loading dependencies from /usr/lib/package.json
6 silly cache add args [ 'node-inspector', null ]
7 verbose cache add spec node-inspector
8 silly cache add parsed spec Result {
8 silly cache add   raw: 'node-inspector',
8 silly cache add   scope: null,
8 silly cache add   name: 'node-inspector',
8 silly cache add   rawSpec: '',
8 silly cache add   spec: 'latest',
8 silly cache add   type: 'tag' }
9 silly addNamed node-inspector@latest
10 verbose addNamed "latest" is being treated as a dist-tag for node-inspector
11 info addNameTag [ 'node-inspector', 'latest' ]
12 silly mapToRegistry name node-inspector
13 silly mapToRegistry using default registry
14 silly mapToRegistry registry https://registry.npmjs.org/
15 silly mapToRegistry uri https://registry.npmjs.org/node-inspector
16 verbose addNameTag registry:https://registry.npmjs.org/node-inspector not in flight; fetching
17 verbose request uri https://registry.npmjs.org/node-inspector
18 verbose request no auth needed
19 info attempt registry request try #1 at 4:58:39 PM
20 verbose request id 0d1935a411f370f0
21 http request GET https://registry.npmjs.org/node-inspector
22 http 200 https://registry.npmjs.org/node-inspector
23 verbose headers { server: 'CouchDB/1.5.0 (Erlang OTP/R16B03)',
23 verbose headers   etag: '"5L46974N05ZIFZRA6U23IM4VG"',
23 verbose headers   'content-type': 'application/json',
23 verbose headers   'content-encoding': 'gzip',
23 verbose headers   'cache-control': 'max-age=300',
23 verbose headers   'content-length': '18896',
23 verbose headers   'accept-ranges': 'bytes',
23 verbose headers   date: 'Sat, 11 Jun 2016 20:58:40 GMT',
23 verbose headers   via: '1.1 varnish',
23 verbose headers   age: '34',
23 verbose headers   connection: 'keep-alive',
23 verbose headers   'x-served-by': 'cache-atl6229-ATL',
23 verbose headers   'x-cache': 'HIT',
23 verbose headers   'x-cache-hits': '2',
23 verbose headers   'x-timer': 'S1465678720.073704,VS0,VE0',
23 verbose headers   vary: 'Accept-Encoding' }
24 silly get cb [ 200,
24 silly get   { server: 'CouchDB/1.5.0 (Erlang OTP/R16B03)',
24 silly get     etag: '"5L46974N05ZIFZRA6U23IM4VG"',
24 silly get     'content-type': 'application/json',
24 silly get     'content-encoding': 'gzip',
24 silly get     'cache-control': 'max-age=300',
24 silly get     'content-length': '18896',
24 silly get     'accept-ranges': 'bytes',
24 silly get     date: 'Sat, 11 Jun 2016 20:58:40 GMT',
24 silly get     via: '1.1 varnish',
24 silly get     age: '34',
24 silly get     connection: 'keep-alive',
24 silly get     'x-served-by': 'cache-atl6229-ATL',
24 silly get     'x-cache': 'HIT',
24 silly get     'x-cache-hits': '2',
24 silly get     'x-timer': 'S1465678720.073704,VS0,VE0',
24 silly get     vary: 'Accept-Encoding' } ]
25 verbose get saving node-inspector to /home/david/.npm/registry.npmjs.org/node-inspector/.cache.json
26 silly addNameTag next cb for node-inspector with tag latest
27 silly addNamed node-inspector@0.12.8
28 verbose addNamed "0.12.8" is a plain semver version for node-inspector
29 silly mapToRegistry name node-inspector
30 silly mapToRegistry using default registry
31 silly mapToRegistry registry https://registry.npmjs.org/
32 silly mapToRegistry uri https://registry.npmjs.org/node-inspector
33 verbose addRemoteTarball https://registry.npmjs.org/node-inspector/-/node-inspector-0.12.8.tgz not in flight; adding
34 verbose addRemoteTarball [ 'https://registry.npmjs.org/node-inspector/-/node-inspector-0.12.8.tgz',
34 verbose addRemoteTarball   'a59c3dc47cb08d15a2e526be3a1da7d64e5c227f' ]
35 info retry fetch attempt 1 at 4:58:41 PM
36 info attempt registry request try #1 at 4:58:41 PM
37 http fetch GET https://registry.npmjs.org/node-inspector/-/node-inspector-0.12.8.tgz
38 http fetch 200 https://registry.npmjs.org/node-inspector/-/node-inspector-0.12.8.tgz
39 silly fetchAndShaCheck shasum a59c3dc47cb08d15a2e526be3a1da7d64e5c227f
40 verbose addTmpTarball /tmp/npm-21391-91e0e156/registry.npmjs.org/node-inspector/-/node-inspector-0.12.8.tgz not in flight; adding
41 verbose addTmpTarball already have metadata; skipping unpack for node-inspector@0.12.8
42 silly cache afterAdd node-inspector@0.12.8
43 verbose afterAdd /home/david/.npm/node-inspector/0.12.8/package/package.json not in flight; writing
44 verbose afterAdd /home/david/.npm/node-inspector/0.12.8/package/package.json written
45 silly install resolved [ { name: 'node-inspector',
45 silly install resolved     version: '0.12.8',
45 silly install resolved     description: 'Web Inspector based nodeJS debugger',
45 silly install resolved     homepage: 'http://github.com/node-inspector/node-inspector',
45 silly install resolved     author: { name: 'Danny Coates', email: 'dannycoates@gmail.com' },
45 silly install resolved     keywords: [ 'debug', 'debugger', 'inspector', 'profiler' ],
45 silly install resolved     repository:
45 silly install resolved      { type: 'git',
45 silly install resolved        url: 'git+ssh://git@github.com/node-inspector/node-inspector.git' },
45 silly install resolved     engines: { node: '>=0.8.0' },
45 silly install resolved     bin:
45 silly install resolved      { 'node-inspector': './bin/inspector.js',
45 silly install resolved        'node-debug': './bin/node-debug.js' },
45 silly install resolved     dependencies:
45 silly install resolved      { async: '~0.9',
45 silly install resolved        'biased-opener': '~0.2.2',
45 silly install resolved        debug: '^2.2.0',
45 silly install resolved        express: '^4.12.3',
45 silly install resolved        glob: '^5.0.5',
45 silly install resolved        'path-is-absolute': '^1.0.0',
45 silly install resolved        rc: '^1.0.1',
45 silly install resolved        semver: '^4.3.4',
45 silly install resolved        'serve-favicon': '^2.1.1',
45 silly install resolved        'strong-data-uri': '^1.0.0',
45 silly install resolved        'v8-debug': '~0.7.1',
45 silly install resolved        'v8-profiler': '~5.6.0',
45 silly install resolved        which: '^1.1.1',
45 silly install resolved        ws: '^1.0.1',
45 silly install resolved        yargs: '^3.9.0' },
45 silly install resolved     devDependencies:
45 silly install resolved      { promise: '^7.0.3',
45 silly install resolved        mocha: '^1.21',
45 silly install resolved        chai: '^2.1',
45 silly install resolved        jshint: '^2.4.4',
45 silly install resolved        'fs-extra': '~0.8.1' },
45 silly install resolved     preferGlobal: true,
45 silly install resolved     scripts:
45 silly install resolved      { pretest: 'jshint .',
45 silly install resolved        test: 'mocha',
45 silly install resolved        'generate-front-end': 'node --harmony tools/generate-front-end' },
45 silly install resolved     contributors:
45 silly install resolved      [ [Object],
45 silly install resolved        [Object],
45 silly install resolved        [Object],
45 silly install resolved        [Object],
45 silly install resolved        [Object],
45 silly install resolved        [Object],
45 silly install resolved        [Object],
45 silly install resolved        [Object],
45 silly install resolved        [Object],
45 silly install resolved        [Object],
45 silly install resolved        [Object],
45 silly install resolved        [Object],
45 silly install resolved        [Object],
45 silly install resolved        [Object],
45 silly install resolved        [Object],
45 silly install resolved        [Object],
45 silly install resolved        [Object],
45 silly install resolved        [Object],
45 silly install resolved        [Object],
45 silly install resolved        [Object],
45 silly install resolved        [Object],
45 silly install resolved        [Object],
45 silly install resolved        [Object],
45 silly install resolved        [Object],
45 silly install resolved        [Object],
45 silly install resolved        [Object],
45 silly install resolved        [Object],
45 silly install resolved        [Object],
45 silly install resolved        [Object],
45 silly install resolved        [Object],
45 silly install resolved        [Object] ],
45 silly install resolved     gitHead: 'c2dd1eb0129d3d27528a09a8c1d0997f9485ed3c',
45 silly install resolved     bugs: { url: 'https://github.com/node-inspector/node-inspector/issues' },
45 silly install resolved     _id: 'node-inspector@0.12.8',
45 silly install resolved     _shasum: 'a59c3dc47cb08d15a2e526be3a1da7d64e5c227f',
45 silly install resolved     _from: 'node-inspector@latest',
45 silly install resolved     _npmVersion: '2.14.12',
45 silly install resolved     _nodeVersion: '4.3.0',
45 silly install resolved     _npmUser: { name: '3y3', email: '3y3@bk.ru' },
45 silly install resolved     dist:
45 silly install resolved      { shasum: 'a59c3dc47cb08d15a2e526be3a1da7d64e5c227f',
45 silly install resolved        tarball: 'https://registry.npmjs.org/node-inspector/-/node-inspector-0.12.8.tgz' },
45 silly install resolved     maintainers: [ [Object], [Object], [Object], [Object], [Object] ],
45 silly install resolved     _npmOperationalInternal:
45 silly install resolved      { host: 'packages-12-west.internal.npmjs.com',
45 silly install resolved        tmp: 'tmp/node-inspector-0.12.8.tgz_1460144653202_0.7097845498938113' },
45 silly install resolved     directories: {},
45 silly install resolved     _resolved: 'https://registry.npmjs.org/node-inspector/-/node-inspector-0.12.8.tgz' } ]
46 info install node-inspector@0.12.8 into /usr/lib
47 info installOne node-inspector@0.12.8
48 verbose installOne of node-inspector to /usr/lib not in flight; installing
49 verbose lock using /home/david/.npm/_locks/node-inspector-555110d7f8efcc5b.lock for /usr/lib/node_modules/node-inspector
50 silly install write writing node-inspector 0.12.8 to /usr/lib/node_modules/node-inspector
51 verbose unbuild lib/node_modules/node-inspector
52 silly gentlyRm /usr/lib/node_modules/node-inspector is being purged from base /usr
53 verbose gentlyRm don't care about contents; nuking /usr/lib/node_modules/node-inspector
54 verbose tar unpack /home/david/.npm/node-inspector/0.12.8/package.tgz
55 verbose tar unpacking to /usr/lib/node_modules/node-inspector
56 silly gentlyRm /usr/lib/node_modules/node-inspector is being purged
57 verbose gentlyRm don't care about contents; nuking /usr/lib/node_modules/node-inspector
58 silly gunzTarPerm modes [ '775', '664' ]
59 error tar.unpack untar error /home/david/.npm/node-inspector/0.12.8/package.tgz
60 verbose unlock done using /home/david/.npm/_locks/node-inspector-555110d7f8efcc5b.lock for /usr/lib/node_modules/node-inspector
61 verbose fstream_path /usr/lib/node_modules/node-inspector
62 verbose fstream_type Directory
63 verbose fstream_class DirWriter
64 verbose stack Error: EACCES: permission denied, mkdir '/usr/lib/node_modules/node-inspector'
64 verbose stack     at Error (native)
65 verbose fstream_stack /usr/lib/node_modules/npm/node_modules/fstream/lib/dir-writer.js:35:25
65 verbose fstream_stack /usr/lib/node_modules/npm/node_modules/mkdirp/index.js:47:53
65 verbose fstream_stack FSReqWrap.oncomplete (fs.js:82:15)
66 verbose cwd /home/david/Documents/laramaciudadana/attemptconsult.github.io
67 error Linux 3.19.0-51-generic
68 error argv "/usr/bin/nodejs" "/usr/bin/npm" "install" "-g" "node-inspector"
69 error node v4.3.1
70 error npm  v2.14.12
71 error path /usr/lib/node_modules/node-inspector
72 error code EACCES
73 error errno -13
74 error syscall mkdir
75 error Error: EACCES: permission denied, mkdir '/usr/lib/node_modules/node-inspector'
75 error     at Error (native)
75 error  { [Error: EACCES: permission denied, mkdir '/usr/lib/node_modules/node-inspector']
75 error   errno: -13,
75 error   code: 'EACCES',
75 error   syscall: 'mkdir',
75 error   path: '/usr/lib/node_modules/node-inspector',
75 error   fstream_type: 'Directory',
75 error   fstream_path: '/usr/lib/node_modules/node-inspector',
75 error   fstream_class: 'DirWriter',
75 error   fstream_stack:
75 error    [ '/usr/lib/node_modules/npm/node_modules/fstream/lib/dir-writer.js:35:25',
75 error      '/usr/lib/node_modules/npm/node_modules/mkdirp/index.js:47:53',
75 error      'FSReqWrap.oncomplete (fs.js:82:15)' ] }
76 error Please try running this command again as root/Administrator.
77 verbose exit [ -13, true ]
78 verbose unbuild lib/node_modules/node-inspector
79 silly gentlyRm /usr/lib/node_modules/node-inspector is being purged from base /usr
80 verbose gentlyRm don't care about contents; nuking /usr/lib/node_modules/node-inspector
